<?xml version="1.0" encoding="UTF-8"?>
<!-- Generated by org.testng.reporters.JUnitReportReporter -->
<testsuite skipped="0" hostname="Madhus-MBP.lan1" name="com.TestScenarios.shearcircle" tests="1" failures="0" timestamp="2020-01-23T00:09:55 CST" time="5.458" errors="0">
  <testcase name="f" time="5.458" classname="com.TestScenarios.shearcircle"/>
</testsuite> <!-- com.TestScenarios.shearcircle -->
