<?xml version="1.0" encoding="UTF-8"?>
<!-- Generated by org.testng.reporters.JUnitReportReporter -->
<testsuite skipped="0" hostname="Madhus-MBP.lan1" name="com.TestScenarios.SBI_LoginPage_Alert" tests="2" failures="0" timestamp="2020-01-22T00:58:37 CST" time="17.853" errors="0">
  <testcase name="login" time="8.751" classname="com.TestScenarios.SBI_LoginPage_Alert"/>
  <testcase name="login" time="9.102" classname="com.TestScenarios.SBI_LoginPage_Alert"/>
</testsuite> <!-- com.TestScenarios.SBI_LoginPage_Alert -->
