<?xml version="1.0" encoding="UTF-8"?>
<!-- Generated by org.testng.reporters.JUnitReportReporter -->
<testsuite skipped="0" hostname="Madhus-MBP.lan1" name="com.TestScenarios.readfromloop_M" tests="1" failures="0" timestamp="2020-01-21T14:08:35 CST" time="0.106" errors="0">
  <testcase name="readExcel" time="0.106" classname="com.TestScenarios.readfromloop_M"/>
</testsuite> <!-- com.TestScenarios.readfromloop_M -->
