<?xml version="1.0" encoding="UTF-8"?>
<!-- Generated by org.testng.reporters.JUnitReportReporter -->
<testsuite skipped="0" hostname="Madhus-MBP.lan1" name="com.TestScenarios.AssignExcwl_M" tests="1" failures="0" timestamp="2020-01-21T14:48:41 CST" time="2.909" errors="0">
  <testcase name="login" time="2.909" classname="com.TestScenarios.AssignExcwl_M"/>
</testsuite> <!-- com.TestScenarios.AssignExcwl_M -->
