<?xml version="1.0" encoding="UTF-8"?>
<!-- Generated by org.testng.reporters.JUnitReportReporter -->
<testsuite skipped="0" hostname="Madhus-MBP.lan1" name="com.TestScenarios.ReadExcelDataUsingJXL" tests="1" failures="0" timestamp="2020-01-21T13:42:41 CST" time="5.083" errors="0">
  <testcase name="login" time="5.083" classname="com.TestScenarios.ReadExcelDataUsingJXL"/>
</testsuite> <!-- com.TestScenarios.ReadExcelDataUsingJXL -->
