<?xml version="1.0" encoding="UTF-8"?>
<!-- Generated by org.testng.reporters.JUnitReportReporter -->
<testsuite skipped="0" hostname="Madhus-MBP.lan1" name="com.TestScenarios.loopReadExcel22Jan" tests="1" failures="0" timestamp="2020-01-22T18:55:30 CST" time="214.645" errors="0">
  <testcase name="login" time="214.645" classname="com.TestScenarios.loopReadExcel22Jan"/>
</testsuite> <!-- com.TestScenarios.loopReadExcel22Jan -->
