<?xml version="1.0" encoding="UTF-8"?>
<!-- Generated by org.testng.reporters.JUnitReportReporter -->
<testsuite skipped="0" hostname="Madhus-MBP.lan1" name="com.TestScenarios.DeltaAssign22JN" tests="1" failures="0" timestamp="2020-01-22T19:44:18 CST" time="96.329" errors="0">
  <testcase name="login" time="96.329" classname="com.TestScenarios.DeltaAssign22JN"/>
</testsuite> <!-- com.TestScenarios.DeltaAssign22JN -->
