<?xml version="1.0" encoding="UTF-8"?>
<!-- Generated by org.testng.reporters.JUnitReportReporter -->
<testsuite skipped="0" hostname="Madhus-MBP.lan1" name="com.TestScenarios.Fb_Login" tests="1" failures="0" timestamp="2020-01-22T09:14:21 CST" time="12.764" errors="0">
  <testcase name="login" time="12.764" classname="com.TestScenarios.Fb_Login"/>
</testsuite> <!-- com.TestScenarios.Fb_Login -->
